<component name="libraryTable">
  <library name="junit.jupiter.engine" type="repository">
    <properties maven-id="org.junit.jupiter:junit-jupiter-engine:5.9.3" />
    <CLASSES>
      <root url="jar://$PROJECT_DIR$/lib/junit-jupiter-engine-5.9.3.jar!/" />
      <root url="jar://$PROJECT_DIR$/lib/junit-platform-engine-1.9.3.jar!/" />
      <root url="jar://$PROJECT_DIR$/lib/opentest4j-1.2.0.jar!/" />
      <root url="jar://$PROJECT_DIR$/lib/junit-platform-commons-1.9.3.jar!/" />
      <root url="jar://$PROJECT_DIR$/lib/junit-jupiter-api-5.9.3.jar!/" />
      <root url="jar://$PROJECT_DIR$/lib/apiguardian-api-1.1.2.jar!/" />
    </CLASSES>
    <JAVADOC />
    <SOURCES />
  </library>
</component>